[RECEIVED 2026-05-05T12:34:59+02:00] USER=alice ROLE=operator CMD=SET_MODE_SAFE MSG_TS=2026-05-05T12:34:59+02:00 RAW=USER=alice;ROLE=operator;CMD=SET_MODE_SAFE;TIMESTAMP=2026-05-05T12:34:59+02:00;AUTH=99a7843a968a30c1113dc0e9a6a3bca124cfebe609830316427b814af67d94f3
[AUTHORIZED 2026-05-05T12:34:59+02:00] USER=alice ROLE=operator CMD=SET_MODE_SAFE RAW=USER=alice;ROLE=operator;CMD=SET_MODE_SAFE;TIMESTAMP=2026-05-05T12:34:59+02:00;AUTH=99a7843a968a30c1113dc0e9a6a3bca124cfebe609830316427b814af67d94f3
[ACTION 2026-05-05T12:34:59+02:00] SET_MODE_SAFE
[RECEIVED 2026-05-05T12:35:05+02:00] USER=bob ROLE=admin CMD=SHUTDOWN MSG_TS=2026-05-05T12:35:05+02:00 RAW=USER=bob;ROLE=admin;CMD=SHUTDOWN;TIMESTAMP=2026-05-05T12:35:05+02:00;AUTH=606db29ce6b8cc850702dd0f22c42b01479c1a629f85a3827eaf8c6285d89c4f
[AUTHORIZED 2026-05-05T12:35:05+02:00] USER=bob ROLE=admin CMD=SHUTDOWN RAW=USER=bob;ROLE=admin;CMD=SHUTDOWN;TIMESTAMP=2026-05-05T12:35:05+02:00;AUTH=606db29ce6b8cc850702dd0f22c42b01479c1a629f85a3827eaf8c6285d89c4f
[ACTION 2026-05-05T12:35:05+02:00] SHUTDOWN
[RECEIVED 2026-05-05T12:35:56+02:00] USER=intruder ROLE=admin CMD=SHUTDOWN MSG_TS=2026-05-05T12:35:56+02:00 RAW=USER=intruder;ROLE=admin;CMD=SHUTDOWN;TIMESTAMP=2026-05-05T12:35:56+02:00;AUTH=fake
[REJECTED 2026-05-05T12:35:56+02:00] UNKNOWN USER: intruder RAW=USER=intruder;ROLE=admin;CMD=SHUTDOWN;TIMESTAMP=2026-05-05T12:35:56+02:00;AUTH=fake
[RECEIVED 2026-05-05T12:38:02+02:00] USER=alice ROLE=operator CMD=SHUTDOWN MSG_TS=2026-05-05T12:30:00+02:00 RAW=USER=alice;ROLE=operator;CMD=SHUTDOWN;TIMESTAMP=2026-05-05T12:30:00+02:00;AUTH=ca4b2cb9e868c67a4212ff0a3233bc8b488734005ffbf1efda35c24e62817294
[REJECTED 2026-05-05T12:38:02+02:00] INVALID AUTH: alice RAW=USER=alice;ROLE=operator;CMD=SHUTDOWN;TIMESTAMP=2026-05-05T12:30:00+02:00;AUTH=ca4b2cb9e868c67a4212ff0a3233bc8b488734005ffbf1efda35c24e62817294
[RECEIVED 2026-05-05T12:38:47+02:00] USER=alice ROLE=operator CMD=SHUTDOWN MSG_TS=2026-05-05T12:30:00+02:00 RAW=USER=alice;ROLE=operator;CMD=SHUTDOWN;TIMESTAMP=2026-05-05T12:30:00+02:00;AUTH=606db29ce6b8cc850702dd0f22c42b01479c1a629f85a3827eaf8c6285d89c4f
[REJECTED 2026-05-05T12:38:47+02:00] INVALID AUTH: alice RAW=USER=alice;ROLE=operator;CMD=SHUTDOWN;TIMESTAMP=2026-05-05T12:30:00+02:00;AUTH=606db29ce6b8cc850702dd0f22c42b01479c1a629f85a3827eaf8c6285d89c4f
[RECEIVED 2026-05-05T12:38:52+02:00] USER=alice ROLE=operator CMD=SHUTDOWN MSG_TS=2026-05-05T12:30:00+02:00 RAW=USER=alice;ROLE=operator;CMD=SHUTDOWN;TIMESTAMP=2026-05-05T12:30:00+02:00;AUTH=606db29ce6b8cc850702dd0f22c42b01479c1a629f85a3827eaf8c6285d89c4f
[REJECTED 2026-05-05T12:38:52+02:00] INVALID AUTH: alice RAW=USER=alice;ROLE=operator;CMD=SHUTDOWN;TIMESTAMP=2026-05-05T12:30:00+02:00;AUTH=606db29ce6b8cc850702dd0f22c42b01479c1a629f85a3827eaf8c6285d89c4f
[RECEIVED 2026-05-05T12:39:32+02:00] USER=alice ROLE=operator CMD=SET_MODE_SAFE MSG_TS=2026-05-05T12:39:32+02:00 RAW=USER=alice;ROLE=operator;CMD=SET_MODE_SAFE;TIMESTAMP=2026-05-05T12:39:32+02:00;AUTH=fe5be7a1771c580b5a275715f56af5c8c7bc267352a52309714cbaeea7881944
[AUTHORIZED 2026-05-05T12:39:32+02:00] USER=alice ROLE=operator CMD=SET_MODE_SAFE RAW=USER=alice;ROLE=operator;CMD=SET_MODE_SAFE;TIMESTAMP=2026-05-05T12:39:32+02:00;AUTH=fe5be7a1771c580b5a275715f56af5c8c7bc267352a52309714cbaeea7881944
[ACTION 2026-05-05T12:39:32+02:00] SET_MODE_SAFE
[RECEIVED 2026-05-05T12:40:31+02:00] USER=alice ROLE=operator CMD=SET_MODE_SAFE MSG_TS=2026-05-05T12:40:31+02:00 RAW=USER=alice;ROLE=operator;CMD=SET_MODE_SAFE;TIMESTAMP=2026-05-05T12:40:31+02:00;AUTH=e2af1ace72013a9ea884d915ceac0207258f5da7ed92008c0e8a8fd039da8f3d
[AUTHORIZED 2026-05-05T12:40:31+02:00] USER=alice ROLE=operator CMD=SET_MODE_SAFE RAW=USER=alice;ROLE=operator;CMD=SET_MODE_SAFE;TIMESTAMP=2026-05-05T12:40:31+02:00;AUTH=e2af1ace72013a9ea884d915ceac0207258f5da7ed92008c0e8a8fd039da8f3d
[ACTION 2026-05-05T12:40:31+02:00] SET_MODE_SAFE
