SAT_ID=ORION-SAT-01;TIMESTAMP=2026-04-28T10:58:17+00:00;VALUE=97
SAT_ID=ORION-SAT-01;TIMESTAMP=2026-04-28T10:58:20+00:00;VALUE=64
SAT_ID=ORION-SAT-01;TIMESTAMP=2026-04-28T10:58:23+00:00;VALUE=53
SAT_ID=ORION-SAT-01;TIMESTAMP=2026-04-28T10:58:26+00:00;VALUE=79
SAT_ID=ORION-SAT-01;TIMESTAMP=2026-04-28T10:58:29+00:00;VALUE=40
SAT_ID=ORION-SAT-01;TIMESTAMP=2026-04-28T10:58:32+00:00;VALUE=93
SAT_ID=ORION-SAT-01;TIMESTAMP=2026-04-28T10:58:35+00:00;VALUE=27
SAT_ID=ORION-SAT-01;TIMESTAMP=2026-04-28T11:00:07+00:00;VALUE=21
SAT_ID=ORION-SAT-01;TIMESTAMP=2026-04-28T11:00:10+00:00;VALUE=31
SAT_ID=ORION-SAT-01;TIMESTAMP=2026-04-28T11:00:13+00:00;VALUE=92
SAT_ID=ORION-SAT-01;TIMESTAMP=2026-04-28T11:00:16+00:00;VALUE=73
SAT_ID=ORION-SAT-01;TIMESTAMP=2026-04-28T11:00:19+00:00;VALUE=63
SAT_ID=ORION-SAT-01;TIMESTAMP=2026-04-28T11:00:22+00:00;VALUE=24
SAT_ID=ORION-SAT-01;TIMESTAMP=2026-04-28T11:00:25+00:00;VALUE=78
SAT_ID=ORION-SAT-01;TIMESTAMP=2026-04-28T11:00:28+00:00;VALUE=76
SAT_ID=ORION-SAT-01;TIMESTAMP=2026-04-28T11:00:31+00:00;VALUE=93
SAT_ID=ORION-SAT-01;TIMESTAMP=2026-04-28T11:00:34+00:00;VALUE=69
SAT_ID=ORION-SAT-01;TIMESTAMP=2026-04-28T11:00:37+00:00;VALUE=24
SAT_ID=ORION-SAT-01;TIMESTAMP=2026-04-28T11:00:40+00:00;VALUE=13
SAT_ID=ORION-SAT-01;TIMESTAMP=2026-04-28T11:00:43+00:00;VALUE=16
SAT_ID=ORION-SAT-01;TIMESTAMP=2026-04-28T11:00:46+00:00;VALUE=70
SAT_ID=ORION-SAT-01;TIMESTAMP=2026-04-28T11:00:49+00:00;VALUE=18
SAT_ID=ORION-SAT-01;TIMESTAMP=2026-04-28T11:00:52+00:00;VALUE=7
SAT_ID=ORION-SAT-01;TIMESTAMP=2026-04-28T11:00:55+00:00;VALUE=35
SAT_ID=ORION-SAT-01;TIMESTAMP=2026-04-28T11:00:58+00:00;VALUE=34
SAT_ID=ORION-SAT-01;TIMESTAMP=2026-04-28T11:01:01+00:00;VALUE=46
SAT_ID=ORION-SAT-01;TIMESTAMP=2026-04-28T11:01:04+00:00;VALUE=94
SAT_ID=ORION-SAT-01;TIMESTAMP=2026-04-28T11:01:07+00:00;VALUE=71
SAT_ID=ORION-SAT-01;TIMESTAMP=2026-04-28T11:01:10+00:00;VALUE=89
SAT_ID=ORION-SAT-01;TIMESTAMP=2026-04-28T11:01:13+00:00;VALUE=7
SAT_ID=ORION-SAT-01;TIMESTAMP=2026-04-28T11:01:16+00:00;VALUE=36
SAT_ID=ORION-SAT-01;TIMESTAMP=2026-04-28T11:01:19+00:00;VALUE=65
SAT_ID=ORION-SAT-01;TIMESTAMP=2026-04-28T11:01:22+00:00;VALUE=10
SAT_ID=ORION-SAT-01;TIMESTAMP=2026-04-28T11:01:25+00:00;VALUE=77
SAT_ID=ORION-SAT-01;TIMESTAMP=2026-04-28T11:01:28+00:00;VALUE=7
SAT_ID=ORION-SAT-01;TIMESTAMP=2026-04-28T11:01:31+00:00;VALUE=64
SAT_ID=ORION-SAT-01;TIMESTAMP=2026-04-28T11:01:34+00:00;VALUE=34
SAT_ID=ORION-SAT-01;TIMESTAMP=2026-04-28T11:01:37+00:00;VALUE=97
SAT_ID=ORION-SAT-01;TIMESTAMP=2026-04-28T11:01:40+00:00;VALUE=71
SAT_ID=ORION-SAT-01;TIMESTAMP=2026-04-28T11:01:43+00:00;VALUE=43
SAT_ID=ORION-SAT-01;TIMESTAMP=2026-04-28T11:01:46+00:00;VALUE=28
SAT_ID=ORION-SAT-01;TIMESTAMP=2026-04-28T11:01:49+00:00;VALUE=46
SAT_ID=ORION-SAT-01;TIMESTAMP=2026-04-28T11:01:52+00:00;VALUE=91
SAT_ID=ORION-SAT-01;TIMESTAMP=2026-04-28T11:01:55+00:00;VALUE=75
SAT_ID=ORION-SAT-01;TIMESTAMP=2026-04-28T11:01:58+00:00;VALUE=47
SAT_ID=ORION-SAT-01;TIMESTAMP=2026-04-28T11:02:01+00:00;VALUE=53
SAT_ID=ORION-SAT-01;TIMESTAMP=2026-04-28T11:02:04+00:00;VALUE=32
SAT_ID=ORION-SAT-01;TIMESTAMP=2026-04-28T11:02:07+00:00;VALUE=8
SAT_ID=ORION-SAT-01;TIMESTAMP=2026-04-28T11:02:10+00:00;VALUE=39
SAT_ID=ORION-SAT-01;TIMESTAMP=2026-04-28T11:02:13+00:00;VALUE=53
SAT_ID=ORION-SAT-01;TIMESTAMP=2026-04-28T11:02:16+00:00;VALUE=12
SAT_ID=ORION-SAT-01;TIMESTAMP=2026-04-28T11:02:19+00:00;VALUE=45
SAT_ID=ORION-SAT-01;TIMESTAMP=2026-04-28T11:02:22+00:00;VALUE=9
SAT_ID=ORION-SAT-01;TIMESTAMP=2026-04-28T11:02:25+00:00;VALUE=33
SAT_ID=ORION-SAT-01;TIMESTAMP=2026-04-28T11:02:28+00:00;VALUE=18
SAT_ID=ORION-SAT-01;TIMESTAMP=2026-04-28T11:02:31+00:00;VALUE=99
SAT_ID=ORION-SAT-01;TIMESTAMP=2026-04-28T11:02:34+00:00;VALUE=91
SAT_ID=ORION-SAT-01;TIMESTAMP=2026-04-28T11:02:37+00:00;VALUE=96
SAT_ID=ORION-SAT-01;TIMESTAMP=2026-04-28T11:02:40+00:00;VALUE=67
SAT_ID=ORION-SAT-01;TIMESTAMP=2026-04-28T11:02:43+00:00;VALUE=14
SAT_ID=ORION-SAT-01;TIMESTAMP=2026-04-28T11:02:46+00:00;VALUE=96
SAT_ID=sat-001;TIMESTAMP=2026-04-28T13:02:47+02:00;VALUE=9999
SAT_ID=ORION-SAT-01;TIMESTAMP=2026-04-28T11:02:49+00:00;VALUE=48
SAT_ID=ORION-SAT-01;TIMESTAMP=2026-04-28T11:02:52+00:00;VALUE=63
SAT_ID=ORION-SAT-01;TIMESTAMP=2026-04-28T11:02:55+00:00;VALUE=97
SAT_ID=sat-002;TIMESTAMP=2026-04-28T13:02:58+02:00;VALUE=-100
SAT_ID=ORION-SAT-01;TIMESTAMP=2026-04-28T11:02:58+00:00;VALUE=35
SAT_ID=ORION-SAT-01;TIMESTAMP=2026-04-28T11:03:01+00:00;VALUE=99
SAT_ID=ORION-SAT-01;TIMESTAMP=2026-04-28T11:03:04+00:00;VALUE=90
SAT_ID=ORION-SAT-01;TIMESTAMP=2026-04-28T11:03:07+00:00;VALUE=26
SAT_ID=ORION-SAT-01;TIMESTAMP=2026-04-28T11:03:10+00:00;VALUE=36
SAT_ID=ORION-SAT-01;TIMESTAMP=2026-04-28T11:03:13+00:00;VALUE=37
SAT_ID=ORION-SAT-01;TIMESTAMP=2026-05-04T17:19:35+00:00;VALUE=66
SAT_ID=ORION-SAT-01;TIMESTAMP=2026-05-04T17:19:38+00:00;VALUE=37
SAT_ID=ORION-SAT-01;TIMESTAMP=2026-05-04T17:19:41+00:00;VALUE=35
SAT_ID=ORION-SAT-01;TIMESTAMP=2026-05-04T17:19:44+00:00;VALUE=52
SAT_ID=ORION-SAT-01;TIMESTAMP=2026-05-04T17:19:47+00:00;VALUE=32
SAT_ID=ORION-SAT-01;TIMESTAMP=2026-05-04T17:19:50+00:00;VALUE=76
SAT_ID=ORION-SAT-01;TIMESTAMP=2026-05-04T17:19:53+00:00;VALUE=22
SAT_ID=ORION-SAT-01;TIMESTAMP=2026-05-04T17:19:56+00:00;VALUE=84
SAT_ID=ORION-SAT-01;TIMESTAMP=2026-05-04T17:19:59+00:00;VALUE=80
SAT_ID=ORION-SAT-01;TIMESTAMP=2026-05-04T17:20:02+00:00;VALUE=55
SAT_ID=ORION-SAT-01;TIMESTAMP=2026-05-04T17:20:05+00:00;VALUE=68
SAT_ID=ORION-SAT-01;TIMESTAMP=2026-05-04T17:20:08+00:00;VALUE=26
SAT_ID=ORION-SAT-01;TIMESTAMP=2026-05-04T17:20:11+00:00;VALUE=73
SAT_ID=ORION-SAT-01;TIMESTAMP=2026-05-04T17:20:14+00:00;VALUE=80
SAT_ID=ORION-SAT-01;TIMESTAMP=2026-05-04T17:20:17+00:00;VALUE=51
SAT_ID=ORION-SAT-01;TIMESTAMP=2026-05-04T17:20:20+00:00;VALUE=24
SAT_ID=ORION-SAT-01;TIMESTAMP=2026-05-04T17:20:23+00:00;VALUE=17
SAT_ID=ORION-SAT-01;TIMESTAMP=2026-05-04T17:20:26+00:00;VALUE=82
SAT_ID=ORION-SAT-01;TIMESTAMP=2026-05-04T17:20:29+00:00;VALUE=30
SAT_ID=ORION-SAT-01;TIMESTAMP=2026-05-04T17:20:32+00:00;VALUE=22
SAT_ID=ORION-SAT-01;TIMESTAMP=2026-05-04T17:20:35+00:00;VALUE=51
SAT_ID=ORION-SAT-01;TIMESTAMP=2026-05-04T17:20:38+00:00;VALUE=13
SAT_ID=ORION-SAT-01;TIMESTAMP=2026-05-04T17:20:41+00:00;VALUE=44
SAT_ID=ORION-SAT-01;TIMESTAMP=2026-05-04T17:20:44+00:00;VALUE=29
SAT_ID=ORION-SAT-01;TIMESTAMP=2026-05-04T17:20:47+00:00;VALUE=89
SAT_ID=ORION-SAT-01;TIMESTAMP=2026-05-04T17:20:50+00:00;VALUE=25
SAT_ID=ORION-SAT-01;TIMESTAMP=2026-05-04T17:24:06+00:00;VALUE=21
SAT_ID=ORION-SAT-01;TIMESTAMP=2026-05-04T17:24:09+00:00;VALUE=62
SAT_ID=ORION-SAT-01;TIMESTAMP=2026-05-04T17:24:12+00:00;VALUE=27
SAT_ID=ORION-SAT-01;TIMESTAMP=2026-05-04T17:24:15+00:00;VALUE=47
SAT_ID=ORION-SAT-01;TIMESTAMP=2026-05-04T17:24:18+00:00;VALUE=69
SAT_ID=ORION-SAT-01;TIMESTAMP=2026-05-04T17:24:21+00:00;VALUE=55
SAT_ID=ORION-SAT-01;TIMESTAMP=2026-05-04T17:24:24+00:00;VALUE=62
SAT_ID=ORION-SAT-01;TIMESTAMP=2026-05-04T17:24:27+00:00;VALUE=47
SAT_ID=ORION-SAT-01;TIMESTAMP=2026-05-04T17:24:30+00:00;VALUE=58
SAT_ID=ORION-SAT-01;TIMESTAMP=2026-05-04T17:24:33+00:00;VALUE=2
SAT_ID=ORION-SAT-01;TIMESTAMP=2026-05-04T17:24:36+00:00;VALUE=28
SAT_ID=ORION-SAT-01;TIMESTAMP=2026-05-04T17:24:39+00:00;VALUE=17
SAT_ID=ORION-SAT-01;TIMESTAMP=2026-05-04T17:24:42+00:00;VALUE=96
SAT_ID=ORION-SAT-01;TIMESTAMP=2026-05-04T17:24:45+00:00;VALUE=9
SAT_ID=ORION-SAT-01;TIMESTAMP=2026-05-04T17:24:48+00:00;VALUE=64
SAT_ID=ORION-SAT-01;TIMESTAMP=2026-05-04T17:24:51+00:00;VALUE=80
SAT_ID=ORION-SAT-01;TIMESTAMP=2026-05-04T17:24:54+00:00;VALUE=56
SAT_ID=ORION-SAT-01;TIMESTAMP=2026-05-04T17:24:57+00:00;VALUE=6
SAT_ID=ORION-SAT-01;TIMESTAMP=2026-05-04T17:25:00+00:00;VALUE=8
SAT_ID=ORION-SAT-01;TIMESTAMP=2026-05-04T17:25:03+00:00;VALUE=80
SAT_ID=ORION-SAT-01;TIMESTAMP=2026-05-04T17:26:56+00:00;VALUE=22
SAT_ID=ORION-SAT-01;TIMESTAMP=2026-05-04T17:26:59+00:00;VALUE=82
SAT_ID=ORION-SAT-01;TIMESTAMP=2026-05-04T17:27:02+00:00;VALUE=51
SAT_ID=ORION-SAT-01;TIMESTAMP=2026-05-04T17:27:05+00:00;VALUE=20
SAT_ID=ORION-SAT-01;TIMESTAMP=2026-05-04T17:27:08+00:00;VALUE=22
SAT_ID=ORION-SAT-01;TIMESTAMP=2026-05-04T17:27:11+00:00;VALUE=44
SAT_ID=sat-001; TIMESTAMP=2026-05-04T19:27:12+02:00; VALUE=9999
SAT_ID=ORION-SAT-01;TIMESTAMP=2026-05-04T17:27:14+00:00;VALUE=93
SAT_ID=ORION-SAT-01;TIMESTAMP=2026-05-04T17:27:17+00:00;VALUE=72
SAT_ID=ORION-SAT-01;TIMESTAMP=2026-05-04T17:27:20+00:00;VALUE=9
SAT_ID=ORION-SAT-01;TIMESTAMP=2026-05-04T17:27:23+00:00;VALUE=99
SAT_ID=sat-002; TIMESTAMP=2026-05-04T19:27:25+02:00; VALUE=-100
SAT_ID=ORION-SAT-01;TIMESTAMP=2026-05-04T17:27:26+00:00;VALUE=53
SAT_ID=ORION-SAT-01;TIMESTAMP=2026-05-04T17:27:29+00:00;VALUE=63
SAT_ID=ORION-SAT-01;TIMESTAMP=2026-05-04T17:27:32+00:00;VALUE=90
SAT_ID=ORION-SAT-01;TIMESTAMP=2026-05-04T17:27:35+00:00;VALUE=83
SAT_ID=ORION-SAT-01;TIMESTAMP=2026-05-04T17:27:38+00:00;VALUE=34
SAT_ID=ORION-SAT-01;TIMESTAMP=2026-05-04T17:27:41+00:00;VALUE=67
SAT_ID=ORION-SAT-01;TIMESTAMP=2026-05-04T17:27:44+00:00;VALUE=48
SAT_ID=ORION-SAT-01;TIMESTAMP=2026-05-04T17:27:47+00:00;VALUE=2
SAT_ID=ORION-SAT-01;TIMESTAMP=2026-05-04T17:27:50+00:00;VALUE=71
SAT_ID=ORION-SAT-01;TIMESTAMP=2026-05-04T17:27:53+00:00;VALUE=71
SAT_ID=ORION-SAT-01;TIMESTAMP=2026-05-04T17:27:56+00:00;VALUE=25
SAT_ID=ORION-SAT-01;TIMESTAMP=2026-05-04T17:27:59+00:00;VALUE=41
